<?xml version="1.0" encoding="utf-8"?><testsuites name="pytest tests"><testsuite name="pytest" errors="0" failures="0" skipped="0" tests="16" time="15.549" timestamp="2026-08-06T17:57:25.454860+00:00" hostname="agent-env-70029c90-59c3-414b-a54b-223a24608d94"><testcase classname="backend.tests.test_community.TestForum" name="test_create_and_list_topic_general" time="3.098" /><testcase classname="backend.tests.test_community.TestForum" name="test_get_topic_and_reply" time="3.358" /><testcase classname="backend.tests.test_community.TestForum" name="test_like_topic_and_reply" time="0.328" /><testcase classname="backend.tests.test_community.TestForum" name="test_notification_created_for_author" time="0.120" /><testcase classname="backend.tests.test_community.TestForum" name="test_mark_notifs_read" time="0.244" /><testcase classname="backend.tests.test_community.TestModeration" name="test_moderation_blocks_insult" time="0.965" /><testcase classname="backend.tests.test_community.TestModeration" name="test_moderation_accepts_legit_opinion" time="1.864" /><testcase classname="backend.tests.test_community.TestGroups" name="test_normal_cannot_create_group" time="0.157" /><testcase classname="backend.tests.test_community.TestGroups" name="test_admin_creates_public_and_private" time="0.255" /><testcase classname="backend.tests.test_community.TestGroups" name="test_private_hidden_from_non_member" time="0.144" /><testcase classname="backend.tests.test_community.TestGroups" name="test_private_join_forbidden" time="0.161" /><testcase classname="backend.tests.test_community.TestGroups" name="test_join_public_and_post_topic" time="2.091" /><testcase classname="backend.tests.test_community.TestDMs" name="test_user_search_and_start_dm" time="0.253" /><testcase classname="backend.tests.test_community.TestDMs" name="test_send_dm_and_recipient_unread" time="2.052" /><testcase classname="backend.tests.test_community.TestDMs" name="test_get_dm_marks_read" time="0.252" /><testcase classname="backend.tests.test_community.TestAuth" name="test_401_without_token" time="0.113" /></testsuite></testsuites>