<?xml version="1.0" encoding="utf-8"?><testsuites name="pytest tests"><testsuite name="pytest" errors="0" failures="0" skipped="0" tests="10" time="31.423" timestamp="2026-08-07T12:37:58.893836+00:00" hostname="agent-env-70029c90-59c3-414b-a54b-223a24608d94"><testcase classname="backend.tests.test_community_moderation" name="test_search_min_length" time="0.286" /><testcase classname="backend.tests.test_community_moderation" name="test_search_returns_structure" time="5.718" /><testcase classname="backend.tests.test_community_moderation" name="test_report_first" time="2.653" /><testcase classname="backend.tests.test_community_moderation" name="test_report_dedupe_same_user" time="0.941" /><testcase classname="backend.tests.test_community_moderation" name="test_report_autohide_at_3" time="3.165" /><testcase classname="backend.tests.test_community_moderation" name="test_non_admin_cannot_moderate" time="2.558" /><testcase classname="backend.tests.test_community_moderation" name="test_admin_lists_moderation" time="2.078" /><testcase classname="backend.tests.test_community_moderation" name="test_admin_approve_restores_visibility" time="0.234" /><testcase classname="backend.tests.test_community_moderation" name="test_admin_delete_action" time="13.383" /><testcase classname="backend.tests.test_community_moderation" name="test_ai_flag_exists_in_queue" time="0.330" /></testsuite></testsuites>