<?xml version="1.0" encoding="utf-8"?><testsuites name="pytest tests"><testsuite name="pytest" errors="0" failures="0" skipped="0" tests="7" time="21.265" timestamp="2026-08-07T19:13:35.060735+00:00" hostname="agent-env-70029c90-59c3-414b-a54b-223a24608d94"><testcase classname="backend.tests.test_fase4_ai_insights.TestSignalAI" name="test_get_cache_user" time="0.285" /><testcase classname="backend.tests.test_fase4_ai_insights.TestSignalAI" name="test_get_cache_admin" time="0.113" /><testcase classname="backend.tests.test_fase4_ai_insights.TestSignalAI" name="test_generate_by_user_ok" time="7.472" /><testcase classname="backend.tests.test_fase4_ai_insights.TestInsightsAI" name="test_get_cache_admin" time="0.138" /><testcase classname="backend.tests.test_fase4_ai_insights.TestInsightsAI" name="test_get_denied_non_admin" time="0.106" /><testcase classname="backend.tests.test_fase4_ai_insights.TestInsightsAI" name="test_generate_denied_non_admin" time="0.129" /><testcase classname="backend.tests.test_fase4_ai_insights.TestInsightsAI" name="test_generate_admin_ok" time="12.956" /></testsuite></testsuites>