<?xml version="1.0" encoding="utf-8"?><testsuites name="pytest tests"><testsuite name="pytest" errors="0" failures="0" skipped="0" tests="25" time="3.933" timestamp="2026-08-06T11:08:37.541346+00:00" hostname="agent-env-70029c90-59c3-414b-a54b-223a24608d94"><testcase classname="backend.tests.test_feedback.TestUserThreads" name="test_create_thread_bad_type" time="0.230" /><testcase classname="backend.tests.test_feedback.TestUserThreads" name="test_create_thread_empty_message" time="0.115" /><testcase classname="backend.tests.test_feedback.TestUserThreads" name="test_my_threads_lists_created" time="0.280" /><testcase classname="backend.tests.test_feedback.TestUserThreads" name="test_my_threads_no_admin_only_fields" time="0.107" /><testcase classname="backend.tests.test_feedback.TestUserThreads" name="test_get_thread_returns_messages" time="0.092" /><testcase classname="backend.tests.test_feedback.TestUserThreads" name="test_get_thread_forbidden_other_user" time="0.106" /><testcase classname="backend.tests.test_feedback.TestUnread" name="test_unread_shape_user" time="0.104" /><testcase classname="backend.tests.test_feedback.TestUnread" name="test_unread_shape_admin" time="0.118" /><testcase classname="backend.tests.test_feedback.TestAdmin" name="test_admin_list_threads" time="0.128" /><testcase classname="backend.tests.test_feedback.TestAdmin" name="test_admin_metadata_visible" time="0.127" /><testcase classname="backend.tests.test_feedback.TestAdmin" name="test_admin_search_by_subject" time="0.114" /><testcase classname="backend.tests.test_feedback.TestAdmin" name="test_admin_filter_type" time="0.120" /><testcase classname="backend.tests.test_feedback.TestAdmin" name="test_non_admin_forbidden" time="0.100" /><testcase classname="backend.tests.test_feedback.TestAdmin" name="test_admin_reply_and_user_unread_increments" time="0.353" /><testcase classname="backend.tests.test_feedback.TestAdmin" name="test_user_open_thread_clears_unread" time="0.094" /><testcase classname="backend.tests.test_feedback.TestAdmin" name="test_admin_set_status_resolved" time="0.205" /><testcase classname="backend.tests.test_feedback.TestAdmin" name="test_user_reply_reopens_resolved" time="0.208" /><testcase classname="backend.tests.test_feedback.TestAdmin" name="test_admin_bad_status" time="0.130" /><testcase classname="backend.tests.test_feedback.TestSurveys" name="test_non_admin_create_survey_forbidden" time="0.113" /><testcase classname="backend.tests.test_feedback.TestSurveys" name="test_survey_needs_two_options" time="0.098" /><testcase classname="backend.tests.test_feedback.TestSurveys" name="test_list_active_surveys_user" time="0.205" /><testcase classname="backend.tests.test_feedback.TestSurveys" name="test_user_vote_and_results_visible" time="0.223" /><testcase classname="backend.tests.test_feedback.TestSurveys" name="test_vote_invalid_option" time="0.132" /><testcase classname="backend.tests.test_feedback.TestSurveys" name="test_admin_toggle_survey" time="0.221" /><testcase classname="backend.tests.test_feedback.TestSurveys" name="test_non_admin_toggle_forbidden" time="0.115" /></testsuite></testsuites>