<?xml version="1.0" encoding="utf-8"?><testsuites name="pytest tests"><testsuite name="pytest" errors="0" failures="0" skipped="0" tests="8" time="10.143" timestamp="2026-08-06T18:29:35.605070+00:00" hostname="agent-env-70029c90-59c3-414b-a54b-223a24608d94"><testcase classname="backend.tests.test_community_ideas.TestTickerMetrics" name="test_metrics_aapl_quantitative" time="0.429" /><testcase classname="backend.tests.test_community_ideas.TestTickerMetrics" name="test_metrics_unknown_ticker_no_500" time="1.177" /><testcase classname="backend.tests.test_community_ideas.TestIdeas" name="test_create_idea_aapl_bull" time="2.931" /><testcase classname="backend.tests.test_community_ideas.TestIdeas" name="test_list_ideas_returns_metrics" time="0.133" /><testcase classname="backend.tests.test_community_ideas.TestIdeas" name="test_idea_requires_ticker" time="1.127" /><testcase classname="backend.tests.test_community_ideas.TestIdeas" name="test_reply_and_like_on_idea" time="2.273" /><testcase classname="backend.tests.test_community_ideas.TestIdeas" name="test_moderation_blocks_insult_idea" time="1.896" /><testcase classname="backend.tests.test_community_ideas.TestSignal" name="test_signal_returns_aapl" time="0.103" /></testsuite></testsuites>