<?xml version="1.0" encoding="utf-8"?><testsuites name="pytest tests"><testsuite name="pytest" errors="0" failures="1" skipped="0" tests="12" time="2.522" timestamp="2026-05-25T18:30:14.216055+00:00" hostname="agent-env-260d81ed-c1a3-4dae-ac18-dc8a905077e5"><testcase classname="backend.tests.test_portfolio_alerts" name="test_portfolio_get_no_auth" time="0.333" /><testcase classname="backend.tests.test_portfolio_alerts" name="test_portfolio_put_no_auth" time="0.118" /><testcase classname="backend.tests.test_portfolio_alerts" name="test_watchlist_get_no_auth" time="0.138" /><testcase classname="backend.tests.test_portfolio_alerts" name="test_auth_me_no_token" time="0.115" /><testcase classname="backend.tests.test_portfolio_alerts" name="test_fx_rates_still_works" time="0.313" /><testcase classname="backend.tests.test_portfolio_alerts" name="test_company_aapl_still_works" time="0.106" /><testcase classname="backend.tests.test_portfolio_alerts" name="test_screener_still_works" time="0.112"><failure message="AssertionError: assert None is True&#10; +  where None = &lt;built-in method get of dict object at 0xfacf3e96e340&gt;('ok')&#10; +    where &lt;built-in method get of dict object at 0xfacf3e96e340&gt; = {'emails_sent': 0, 'events': 0, 'users_scanned': 0}.get">backend/tests/test_portfolio_alerts.py:65: in test_screener_still_works
    assert d.get("ok") is True
E   AssertionError: assert None is True
E    +  where None = &lt;built-in method get of dict object at 0xfacf3e96e340&gt;('ok')
E    +    where &lt;built-in method get of dict object at 0xfacf3e96e340&gt; = {'emails_sent': 0, 'events': 0, 'users_scanned': 0}.get</failure></testcase><testcase classname="backend.tests.test_portfolio_alerts" name="test_authed_me" time="0.191" /><testcase classname="backend.tests.test_portfolio_alerts" name="test_watchlist_alert_enabled_persists" time="0.300" /><testcase classname="backend.tests.test_portfolio_alerts" name="test_portfolio_crud_with_alert" time="0.271" /><testcase classname="backend.tests.test_portfolio_alerts" name="test_portfolio_replace_overwrites" time="0.232" /><testcase classname="backend.tests.test_portfolio_alerts" name="test_portfolio_validation_rejects_bad_payload" time="0.113" /></testsuite></testsuites>