<?xml version="1.0" encoding="utf-8"?><testsuites name="pytest tests"><testsuite name="pytest" errors="0" failures="1" skipped="0" tests="9" time="5.447" timestamp="2026-05-22T17:41:44.049948+00:00" hostname="agent-env-260d81ed-c1a3-4dae-ac18-dc8a905077e5"><testcase classname="backend.tests.test_valuation" name="test_root" time="0.325" /><testcase classname="backend.tests.test_valuation" name="test_company_aapl" time="0.884" /><testcase classname="backend.tests.test_valuation" name="test_company_european" time="1.232" /><testcase classname="backend.tests.test_valuation" name="test_company_invalid" time="2.274"><failure message="assert 200 == 404&#10; +  where 200 = &lt;Response [200]&gt;.status_code">backend/tests/test_valuation.py:58: in test_company_invalid
    assert r.status_code == 404
E   assert 200 == 404
E    +  where 200 = &lt;Response [200]&gt;.status_code</failure></testcase><testcase classname="backend.tests.test_valuation" name="test_search_apple" time="0.187" /><testcase classname="backend.tests.test_valuation" name="test_compare" time="0.053" /><testcase classname="backend.tests.test_valuation" name="test_calculate_math" time="0.133" /><testcase classname="backend.tests.test_valuation" name="test_calculate_missing" time="0.161" /><testcase classname="backend.tests.test_valuation" name="test_cache_no_id_leak" time="0.107" /></testsuite></testsuites>