<?xml version="1.0" encoding="utf-8"?><testsuites name="pytest tests"><testsuite name="pytest" errors="0" failures="1" skipped="0" tests="13" time="8.556" timestamp="2026-05-25T17:59:12.266819+00:00" hostname="agent-env-260d81ed-c1a3-4dae-ac18-dc8a905077e5"><testcase classname="backend.tests.test_new_features" name="test_fx_rates_has_100plus_currencies" time="0.489" /><testcase classname="backend.tests.test_new_features" name="test_ratio_history_aapl" time="0.612" /><testcase classname="backend.tests.test_new_features" name="test_ratio_history_european" time="0.231" /><testcase classname="backend.tests.test_new_features" name="test_ratio_history_soun" time="0.286" /><testcase classname="backend.tests.test_new_features" name="test_translate_summary_aapl" time="0.051" /><testcase classname="backend.tests.test_new_features" name="test_translate_summary_mu" time="5.985"><failure message="AssertionError: {&quot;detail&quot;:&quot;Translation service error: Failed to generate chat completion: litellm.BadRequestError: OpenAIException - Budget has been exceeded! Current cost: 0.0011348, Max budget: 0.001&quot;}&#10;assert 502 == 200&#10; +  where 502 = &lt;Response [502]&gt;.status_code">backend/tests/test_new_features.py:102: in test_translate_summary_mu
    assert r.status_code == 200, r.text
E   AssertionError: {"detail":"Translation service error: Failed to generate chat completion: litellm.BadRequestError: OpenAIException - Budget has been exceeded! Current cost: 0.0011348, Max budget: 0.001"}
E   assert 502 == 200
E    +  where 502 = &lt;Response [502]&gt;.status_code</failure></testcase><testcase classname="backend.tests.test_new_features" name="test_run_screener" time="0.053" /><testcase classname="backend.tests.test_new_features" name="test_auth_session_invalid" time="0.266" /><testcase classname="backend.tests.test_new_features" name="test_auth_me_no_token" time="0.123" /><testcase classname="backend.tests.test_new_features" name="test_auth_logout_no_token_ok" time="0.116" /><testcase classname="backend.tests.test_new_features" name="test_auth_watchlist_no_token" time="0.136" /><testcase classname="backend.tests.test_new_features" name="test_x_factor_capping_via_calculate" time="0.108" /><testcase classname="backend.tests.test_new_features" name="test_x_factor_capping_aapl" time="0.000" /></testsuite></testsuites>