<?xml version="1.0" encoding="utf-8"?><testsuites name="pytest tests"><testsuite name="pytest" errors="0" failures="1" skipped="0" tests="7" time="1.320" timestamp="2026-08-03T10:32:02.303074+00:00" hostname="agent-env-70029c90-59c3-414b-a54b-223a24608d94"><testcase classname="backend.tests.test_refactor_indexes" name="test_auth_me_bearer" time="0.183" /><testcase classname="backend.tests.test_refactor_indexes" name="test_watchlist_get" time="0.099" /><testcase classname="backend.tests.test_refactor_indexes" name="test_watchlist_put_add_and_remove_msft" time="0.296"><failure message="AssertionError: ['AAPL', 'NVDA', 'GOOG']&#10;assert 'MSFT' in ['AAPL', 'NVDA', 'GOOG']">backend/tests/test_refactor_indexes.py:61: in test_watchlist_put_add_and_remove_msft
    assert "MSFT" in got, got
E   AssertionError: ['AAPL', 'NVDA', 'GOOG']
E   assert 'MSFT' in ['AAPL', 'NVDA', 'GOOG']</failure></testcase><testcase classname="backend.tests.test_refactor_indexes" name="test_portfolio_get" time="0.100" /><testcase classname="backend.tests.test_refactor_indexes" name="test_company_aapl" time="0.129" /><testcase classname="backend.tests.test_refactor_indexes" name="test_fx_rates" time="0.262" /><testcase classname="backend.tests.test_refactor_indexes" name="test_thesis_dashboard_bearer" time="0.164" /></testsuite></testsuites>